<?xml version="1.0" encoding="UTF-8"?>
<!-- Generated by org.testng.reporters.JUnitReportReporter -->
<testsuite hostname="DESKTOP-6SGM6DP" failures="0" tests="3" name="TestCases.DashboardPageTest" time="42.015" errors="0" timestamp="2022-07-04T09:50:38 IST" skipped="2">
  <testcase classname="TestCases.DashboardPageTest" name="placeGTTOrderTest" time="42.015"/>
  <system-out/>
  <testcase classname="TestCases.DashboardPageTest" name="verifyEmailIdLabelTest">
    <skipped/>
  </testcase> <!-- verifyEmailIdLabelTest -->
  <system-out/>
  <testcase classname="TestCases.DashboardPageTest" name="verifyUsernameLabelTest">
    <skipped/>
  </testcase> <!-- verifyUsernameLabelTest -->
  <system-out/>
</testsuite> <!-- TestCases.DashboardPageTest -->
