<?xml version="1.0" encoding="UTF-8"?>
<!-- Generated by org.testng.reporters.JUnitReportReporter -->
<testsuite hostname="DESKTOP-6SGM6DP" failures="0" tests="4" name="TestCases.LoginPageTest" time="19.336" errors="0" timestamp="2022-07-04T09:49:41 IST" skipped="3">
  <testcase classname="TestCases.LoginPageTest" name="loginToAppTest" time="19.336"/>
  <system-out/>
  <testcase classname="TestCases.LoginPageTest" name="verifyZerodhalogoTest">
    <skipped/>
  </testcase> <!-- verifyZerodhalogoTest -->
  <system-out/>
  <testcase classname="TestCases.LoginPageTest" name="verifyKiteLogoTest">
    <skipped/>
  </testcase> <!-- verifyKiteLogoTest -->
  <system-out/>
  <testcase classname="TestCases.LoginPageTest" name="verifyTitleTest">
    <skipped/>
  </testcase> <!-- verifyTitleTest -->
  <system-out/>
</testsuite> <!-- TestCases.LoginPageTest -->
